SF:lib/model/laudo_vistoria_brucelose_tuberculose_model.dart
DA:2,2
DA:36,1
DA:37,2
DA:38,2
DA:39,2
DA:40,2
DA:41,2
DA:42,2
DA:43,2
DA:44,2
DA:45,2
DA:46,2
DA:47,7
DA:48,2
DA:49,2
DA:50,2
DA:51,7
DA:54,1
DA:55,1
DA:56,2
DA:57,2
DA:58,2
DA:59,2
DA:60,2
DA:61,2
DA:62,2
DA:63,2
DA:64,2
DA:65,2
DA:66,6
DA:67,2
DA:68,2
DA:69,2
DA:70,6
DA:76,2
DA:92,1
DA:93,2
DA:94,2
DA:95,2
DA:96,2
DA:97,2
DA:98,2
DA:101,1
DA:102,1
DA:103,2
DA:104,2
DA:105,2
DA:106,2
DA:107,2
DA:108,2
DA:114,2
DA:126,1
DA:127,2
DA:128,2
DA:129,2
DA:130,2
DA:133,1
DA:134,1
DA:135,2
DA:136,2
DA:137,2
DA:138,2
LF:62
LH:62
end_of_record
SF:lib/view_model/gedave/laudo_vistoria_brucelose_tuberculose_view_model.dart
DA:6,1
DA:7,4
DA:9,2
DA:10,3
DA:11,1
LF:5
LH:5
end_of_record
SF:lib/model/atestado_vacinacao_brucelose_tuberculose_model.dart
DA:2,2
DA:10,1
DA:11,4
DA:12,3
DA:15,1
DA:16,1
DA:17,3
DA:18,3
DA:24,2
DA:38,1
DA:39,4
DA:40,4
DA:41,4
DA:42,1
DA:43,7
DA:44,4
DA:47,1
DA:48,1
DA:49,3
DA:50,3
DA:51,3
DA:52,6
DA:53,3
DA:59,2
DA:71,1
DA:72,2
DA:73,2
DA:74,2
DA:75,2
DA:78,1
DA:79,1
DA:80,2
DA:81,2
DA:82,2
DA:83,2
DA:89,2
DA:107,1
DA:108,2
DA:109,2
DA:110,2
DA:111,2
DA:112,2
DA:113,2
DA:114,2
DA:117,1
DA:118,1
DA:119,2
DA:120,2
DA:121,2
DA:122,2
DA:123,2
DA:124,2
DA:125,2
DA:131,2
DA:155,1
DA:156,2
DA:157,2
DA:158,2
DA:159,2
DA:160,2
DA:161,2
DA:162,2
DA:163,2
DA:164,2
DA:165,2
DA:168,1
DA:169,1
DA:170,2
DA:171,2
DA:172,2
DA:173,2
DA:174,2
DA:175,2
DA:176,2
DA:177,2
DA:178,2
DA:179,2
DA:185,2
DA:223,1
DA:224,2
DA:225,2
DA:226,2
DA:227,2
DA:228,2
DA:229,2
DA:230,2
DA:231,2
DA:232,2
DA:233,2
DA:234,2
DA:235,2
DA:236,2
DA:237,2
DA:238,2
DA:239,2
DA:240,2
DA:243,1
DA:244,1
DA:245,2
DA:246,2
DA:247,2
DA:248,2
DA:249,2
DA:250,2
DA:251,2
DA:252,2
DA:253,2
DA:254,2
DA:255,2
DA:256,2
DA:257,2
DA:258,2
DA:259,2
DA:260,2
DA:261,2
DA:267,2
DA:283,1
DA:284,2
DA:285,2
DA:286,2
DA:287,2
DA:288,2
DA:289,2
DA:292,1
DA:293,1
DA:294,2
DA:295,2
DA:296,2
DA:297,2
DA:298,2
DA:299,2
DA:305,2
DA:319,1
DA:320,4
DA:321,4
DA:322,4
DA:323,1
DA:324,7
DA:325,4
DA:328,1
DA:329,1
DA:331,3
DA:332,3
DA:333,3
DA:334,4
DA:335,3
LF:146
LH:146
end_of_record
SF:lib/view_model/gedave/atestado_vacinacao_brucelose_tuberculose_view_model.dart
DA:6,1
DA:7,4
DA:9,2
DA:10,3
DA:11,1
LF:5
LH:5
end_of_record
SF:lib/model/consulta_certificado_comercio_aves_vivas_model.dart
DA:2,2
DA:22,1
DA:23,2
DA:24,2
DA:25,2
DA:26,2
DA:27,2
DA:28,2
DA:29,2
DA:30,2
DA:33,1
DA:34,1
DA:35,2
DA:36,2
DA:37,2
DA:38,2
DA:39,2
DA:40,2
DA:41,2
DA:42,2
LF:20
LH:20
end_of_record
SF:lib/view_model/gedave/consulta_certificado_comercio_aves_vivas_view_model.dart
DA:5,1
DA:6,4
DA:8,2
DA:9,3
DA:10,1
LF:5
LH:5
end_of_record
SF:lib/model/consulta_certificado_promotor_eventos_concentracao_animal_model.dart
DA:2,2
DA:22,1
DA:23,2
DA:24,2
DA:25,2
DA:26,2
DA:27,2
DA:28,2
DA:29,2
DA:30,2
DA:33,1
DA:34,1
DA:35,2
DA:36,2
DA:37,2
DA:38,2
DA:39,2
DA:40,2
DA:41,2
DA:42,2
LF:20
LH:20
end_of_record
SF:lib/view_model/gedave/consulta_certificado_promotor_eventos_concentracao_animal_view_model.dart
DA:5,1
DA:6,4
DA:8,2
DA:9,3
DA:10,1
LF:5
LH:5
end_of_record
SF:lib/model/ptv_model.dart
DA:2,2
DA:68,1
DA:69,2
DA:70,2
DA:71,2
DA:72,2
DA:73,2
DA:74,2
DA:75,2
DA:76,2
DA:77,2
DA:78,2
DA:79,2
DA:80,2
DA:81,2
DA:82,2
DA:83,2
DA:84,2
DA:85,2
DA:86,2
DA:87,2
DA:88,2
DA:89,2
DA:90,2
DA:91,2
DA:92,2
DA:93,2
DA:94,2
DA:95,2
DA:96,2
DA:97,2
DA:98,7
DA:99,7
DA:102,1
DA:103,1
DA:104,2
DA:105,2
DA:106,2
DA:107,2
DA:108,2
DA:109,2
DA:110,2
DA:111,2
DA:112,2
DA:113,2
DA:114,2
DA:115,2
DA:116,2
DA:117,2
DA:118,2
DA:119,2
DA:120,2
DA:121,2
DA:122,2
DA:123,2
DA:124,2
DA:125,2
DA:126,2
DA:127,2
DA:128,2
DA:129,2
DA:130,2
DA:131,2
DA:132,2
DA:133,6
DA:134,6
DA:140,2
DA:156,1
DA:157,2
DA:158,2
DA:159,2
DA:160,2
DA:161,2
DA:162,2
DA:165,1
DA:166,1
DA:167,2
DA:168,2
DA:169,2
DA:170,2
DA:171,2
DA:172,2
DA:178,2
DA:186,1
DA:187,2
DA:188,2
DA:191,1
DA:192,1
DA:193,2
DA:194,2
LF:90
LH:90
end_of_record
SF:lib/view_model/gedave/ptv_view_model.dart
DA:6,1
DA:7,4
DA:9,2
DA:10,3
DA:11,1
LF:5
LH:5
end_of_record
SF:lib/model/cfoc_model.dart
DA:2,2
DA:58,1
DA:59,2
DA:60,2
DA:61,2
DA:62,2
DA:63,2
DA:64,2
DA:65,2
DA:66,2
DA:67,2
DA:68,2
DA:69,2
DA:70,2
DA:71,2
DA:72,2
DA:73,2
DA:74,2
DA:75,2
DA:76,2
DA:77,2
DA:78,2
DA:79,2
DA:80,2
DA:81,2
DA:82,2
DA:83,7
DA:84,7
DA:87,1
DA:88,1
DA:89,2
DA:90,2
DA:91,2
DA:92,2
DA:93,2
DA:94,2
DA:95,2
DA:96,2
DA:97,2
DA:98,2
DA:99,2
DA:100,2
DA:101,2
DA:102,2
DA:103,2
DA:104,2
DA:105,2
DA:106,2
DA:107,2
DA:108,2
DA:109,2
DA:110,2
DA:111,2
DA:112,2
DA:113,6
DA:114,6
DA:120,2
DA:138,1
DA:139,2
DA:140,2
DA:141,2
DA:142,2
DA:143,2
DA:144,2
DA:145,2
DA:148,1
DA:149,1
DA:150,2
DA:151,2
DA:152,2
DA:153,2
DA:154,2
DA:155,2
DA:156,2
DA:162,2
DA:170,1
DA:171,2
DA:172,2
DA:175,1
DA:176,1
DA:177,2
DA:178,2
LF:82
LH:82
end_of_record
SF:lib/view_model/gedave/cfoc_view_model.dart
DA:6,1
DA:7,4
DA:9,2
DA:10,3
DA:11,1
LF:5
LH:5
end_of_record
SF:lib/model/consulta_certificado_comercio_produtos_insumos_vet_model.dart
DA:2,2
DA:22,1
DA:23,2
DA:24,2
DA:25,2
DA:26,2
DA:27,2
DA:28,2
DA:29,2
DA:30,2
DA:33,1
DA:34,1
DA:35,2
DA:36,2
DA:37,2
DA:38,2
DA:39,2
DA:40,2
DA:41,2
DA:42,2
LF:20
LH:20
end_of_record
SF:lib/view_model/gedave/consulta_certificado_comercio_produtos_insumos_vet_view_model.dart
DA:5,1
DA:6,4
DA:8,2
DA:9,3
DA:10,1
LF:5
LH:5
end_of_record
SF:lib/model/consulta_certificado_sanitario_animal_model.dart
DA:2,2
DA:26,1
DA:27,2
DA:28,2
DA:29,2
DA:30,2
DA:31,2
DA:32,2
DA:33,2
DA:34,2
DA:35,2
DA:36,2
DA:39,1
DA:40,1
DA:41,2
DA:42,2
DA:43,2
DA:44,2
DA:45,2
DA:46,2
DA:47,2
DA:48,2
DA:49,2
DA:50,2
LF:24
LH:24
end_of_record
SF:lib/view_model/gedave/consulta_certificado_sanitario_animal_view_model.dart
DA:5,1
DA:6,4
DA:8,2
DA:9,3
DA:10,1
LF:5
LH:5
end_of_record
SF:lib/model/gta_model.dart
DA:2,2
DA:126,1
DA:127,2
DA:128,2
DA:129,2
DA:130,3
DA:131,2
DA:132,2
DA:133,2
DA:134,2
DA:135,2
DA:136,2
DA:137,2
DA:138,2
DA:139,2
DA:140,2
DA:141,2
DA:142,2
DA:143,2
DA:144,2
DA:145,2
DA:146,2
DA:147,2
DA:148,2
DA:149,2
DA:150,2
DA:151,2
DA:152,2
DA:153,2
DA:154,2
DA:155,2
DA:156,2
DA:157,2
DA:158,2
DA:159,2
DA:160,2
DA:161,2
DA:162,2
DA:163,2
DA:164,2
DA:165,2
DA:166,2
DA:167,2
DA:168,2
DA:169,2
DA:170,2
DA:171,2
DA:172,2
DA:173,2
DA:174,2
DA:175,2
DA:176,2
DA:177,2
DA:178,2
DA:179,2
DA:180,2
DA:181,2
DA:182,2
DA:183,2
DA:184,2
DA:185,2
DA:186,2
DA:189,1
DA:190,1
DA:191,2
DA:192,2
DA:193,2
DA:194,3
DA:195,2
DA:196,2
DA:197,2
DA:198,2
DA:199,2
DA:200,2
DA:201,2
DA:202,2
DA:203,2
DA:204,2
DA:205,2
DA:206,2
DA:207,2
DA:208,2
DA:209,2
DA:210,2
DA:211,2
DA:212,2
DA:213,2
DA:214,2
DA:215,2
DA:216,2
DA:217,2
DA:218,2
DA:219,2
DA:220,2
DA:221,2
DA:222,2
DA:223,2
DA:224,2
DA:225,2
DA:226,2
DA:227,2
DA:228,2
DA:229,2
DA:230,2
DA:231,2
DA:232,2
DA:233,2
DA:234,2
DA:235,2
DA:236,2
DA:237,2
DA:238,2
DA:239,2
DA:240,2
DA:241,2
DA:242,2
DA:243,2
DA:244,2
DA:245,2
DA:246,2
DA:247,2
DA:248,2
DA:249,2
DA:250,2
DA:256,2
DA:278,1
DA:279,2
DA:280,2
DA:281,2
DA:282,2
DA:283,2
DA:284,2
DA:285,2
DA:286,2
DA:287,2
DA:290,1
DA:291,1
DA:292,2
DA:293,2
DA:294,2
DA:295,2
DA:296,2
DA:297,2
DA:298,2
DA:299,2
DA:300,2
LF:146
LH:146
end_of_record
SF:lib/view_model/gedave/gta_view_model.dart
DA:6,2
DA:7,8
DA:9,4
DA:10,3
DA:11,1
LF:5
LH:5
end_of_record
SF:lib/model/cert_vacinacao_compulsoria_model.dart
DA:2,2
DA:30,1
DA:31,2
DA:32,2
DA:33,2
DA:34,2
DA:35,2
DA:36,2
DA:37,2
DA:38,2
DA:39,2
DA:40,2
DA:41,2
DA:42,2
DA:45,1
DA:46,1
DA:47,2
DA:48,2
DA:49,2
DA:50,2
DA:51,2
DA:52,2
DA:53,2
DA:54,2
DA:55,2
DA:56,2
DA:57,2
DA:58,2
LF:28
LH:28
end_of_record
SF:lib/view_model/gedave/cert_vacinacao_compulsoria_view_model.dart
DA:5,1
DA:6,4
DA:8,2
DA:9,3
DA:10,1
LF:5
LH:5
end_of_record
SF:lib/model/cfo_model.dart
DA:2,2
DA:56,1
DA:57,2
DA:58,2
DA:59,2
DA:60,2
DA:61,2
DA:62,2
DA:63,2
DA:64,2
DA:65,2
DA:66,2
DA:67,2
DA:68,2
DA:69,2
DA:70,2
DA:71,2
DA:72,2
DA:73,2
DA:74,2
DA:75,2
DA:76,2
DA:77,2
DA:78,2
DA:79,2
DA:80,7
DA:81,7
DA:84,1
DA:85,1
DA:86,2
DA:87,2
DA:88,2
DA:89,2
DA:90,2
DA:91,2
DA:92,2
DA:93,2
DA:94,2
DA:95,2
DA:96,2
DA:97,2
DA:98,2
DA:99,2
DA:100,2
DA:101,2
DA:102,2
DA:103,2
DA:104,2
DA:105,2
DA:106,2
DA:107,2
DA:108,2
DA:109,6
DA:110,6
DA:116,2
DA:136,1
DA:137,2
DA:138,2
DA:139,2
DA:140,2
DA:141,2
DA:142,2
DA:143,2
DA:144,2
DA:147,1
DA:148,1
DA:149,2
DA:150,2
DA:151,2
DA:152,2
DA:153,2
DA:154,2
DA:155,2
DA:156,2
DA:162,2
DA:170,1
DA:171,2
DA:172,2
DA:175,1
DA:176,1
DA:177,2
DA:178,2
LF:82
LH:82
end_of_record
SF:lib/view_model/gedave/cfo_view_model.dart
DA:5,1
DA:6,4
DA:8,2
DA:9,3
DA:10,1
LF:5
LH:5
end_of_record
SF:lib/view/home/home_view.dart
DA:7,2
DA:9,2
DA:10,2
DA:17,2
DA:19,6
DA:20,6
DA:22,2
DA:24,2
DA:25,2
DA:26,8
DA:27,4
DA:28,2
DA:30,2
DA:31,2
DA:32,2
DA:33,4
DA:34,2
DA:37,0
DA:38,0
DA:39,0
DA:42,2
DA:43,6
DA:46,2
DA:48,6
DA:49,4
DA:50,2
DA:53,6
DA:54,2
DA:56,4
DA:59,2
DA:60,2
DA:61,2
DA:63,6
DA:64,2
LF:34
LH:31
end_of_record
SF:lib/view/home/home_widget.dart
DA:7,19
DA:9,1
DA:11,1
DA:12,1
DA:14,1
DA:18,1
DA:19,1
DA:21,1
DA:22,1
DA:23,5
DA:24,1
DA:25,1
DA:26,1
DA:28,1
DA:29,1
DA:66,19
DA:68,2
DA:70,2
DA:71,6
DA:72,0
DA:73,0
DA:75,2
DA:76,2
DA:86,19
DA:88,0
DA:89,0
DA:92,0
DA:93,0
DA:96,0
DA:99,0
DA:102,2
DA:104,0
DA:105,0
DA:106,0
DA:108,0
DA:114,2
DA:115,6
DA:116,0
DA:117,0
DA:119,2
DA:120,2
DA:129,4
DA:131,2
DA:133,12
LF:44
LH:30
end_of_record
SF:lib/view/cores.dart
DA:4,10
DA:5,6
DA:6,6
DA:7,2
DA:8,2
DA:9,24
LF:6
LH:6
end_of_record
SF:lib/model/propriedades_gedave.dart
DA:124,2
DA:126,2
DA:128,2
DA:130,6
DA:132,2
DA:134,2
DA:136,2
DA:138,2
DA:140,2
DA:142,2
DA:144,2
LF:11
LH:11
end_of_record
SF:lib/view/home/gedave/consultas/scanner_view.dart
DA:10,0
DA:12,0
DA:13,0
DA:27,0
DA:29,0
DA:32,0
DA:34,0
DA:35,0
DA:36,0
DA:37,0
DA:39,0
DA:40,0
DA:41,0
DA:42,0
DA:45,0
DA:46,0
DA:47,0
DA:50,0
DA:53,0
DA:55,0
DA:58,0
DA:60,0
DA:61,0
DA:62,0
DA:65,0
DA:67,0
DA:68,0
DA:69,0
DA:71,0
DA:76,0
DA:77,0
DA:78,0
DA:79,0
DA:80,0
DA:81,0
DA:82,0
DA:83,0
DA:84,0
DA:85,0
DA:86,0
DA:87,0
DA:95,0
DA:96,0
DA:98,0
DA:99,0
DA:100,0
DA:102,0
DA:103,0
DA:104,0
DA:105,0
DA:106,0
DA:107,0
DA:108,0
DA:125,0
DA:126,0
DA:127,0
DA:129,0
DA:130,0
DA:131,0
DA:132,0
DA:136,0
DA:137,0
DA:138,0
DA:139,0
DA:140,0
DA:141,0
DA:142,0
DA:143,0
DA:145,0
DA:147,0
DA:148,0
DA:152,0
DA:153,0
DA:154,0
DA:157,0
DA:158,0
DA:160,0
DA:164,0
DA:165,0
DA:166,0
DA:167,0
DA:169,0
DA:170,0
DA:171,0
DA:172,0
DA:173,0
DA:177,0
DA:178,0
DA:180,0
DA:181,0
DA:187,0
DA:196,0
LF:92
LH:0
end_of_record
SF:lib/view/home/gedave/consultas/consultas_view.dart
DA:11,4
DA:13,2
DA:14,2
DA:21,2
DA:23,4
DA:24,2
DA:27,2
DA:29,6
DA:30,6
DA:31,6
DA:33,2
DA:35,2
DA:36,8
DA:38,2
DA:39,2
DA:40,2
DA:41,10
DA:45,2
DA:46,8
DA:47,2
DA:48,2
DA:49,2
DA:50,2
DA:51,6
DA:53,2
DA:54,1
DA:55,1
DA:58,4
DA:59,0
DA:62,2
DA:63,6
DA:66,4
DA:67,4
DA:72,6
DA:73,2
DA:74,2
DA:76,8
DA:78,6
DA:79,1
DA:80,1
DA:81,1
DA:82,1
DA:84,7
DA:86,3
DA:87,1
DA:90,1
DA:94,2
DA:95,1
DA:98,1
DA:99,3
DA:101,0
DA:106,2
DA:107,6
DA:108,2
DA:110,2
DA:113,2
DA:117,2
DA:118,6
DA:119,2
DA:121,4
DA:124,2
DA:125,2
DA:126,0
DA:127,0
DA:129,0
DA:130,0
DA:132,0
DA:133,0
DA:135,2
DA:147,11
DA:153,2
LF:71
LH:63
end_of_record
SF:lib/view/home/gedave/consultas/retorno_consultas/retorno_consultas_widget.dart
DA:5,5
DA:14,11
DA:15,11
DA:17,11
DA:21,11
DA:25,9
DA:26,9
DA:28,9
DA:30,9
DA:31,9
DA:32,9
DA:38,9
DA:39,9
DA:41,9
DA:43,9
DA:44,9
DA:45,9
DA:51,1
DA:52,1
DA:54,2
DA:55,1
DA:56,1
DA:59,0
DA:62,2
DA:68,20
DA:70,10
DA:72,10
DA:73,10
DA:74,10
DA:75,40
DA:76,40
DA:77,10
DA:79,20
LF:33
LH:32
end_of_record
SF:lib/view/home/gedave/consultas/consultas_widget.dart
DA:6,2
DA:7,2
DA:8,18
DA:10,2
DA:11,2
DA:13,2
DA:18,34
DA:20,2
DA:22,2
DA:24,2
DA:25,8
DA:26,2
DA:27,8
LF:13
LH:13
end_of_record
SF:lib/view/home/gedave/consultas/retorno_consultas/consulta_certificado_sanitario_animal_view.dart
DA:7,2
DA:9,1
DA:10,1
DA:14,1
DA:16,1
DA:19,1
DA:21,3
DA:22,1
DA:24,1
DA:26,1
DA:27,1
DA:33,1
DA:34,1
DA:35,1
DA:36,1
DA:37,2
DA:38,2
DA:39,2
DA:40,2
DA:41,1
DA:42,1
DA:43,2
DA:44,2
DA:46,2
DA:47,2
DA:48,1
DA:50,1
DA:51,1
DA:52,1
DA:63,0
LF:30
LH:29
end_of_record
SF:lib/view/home/gedave/consultas/retorno_consultas/ptv_view.dart
DA:8,2
DA:10,1
DA:11,1
DA:15,1
DA:17,1
DA:20,1
DA:22,3
DA:23,1
DA:25,1
DA:26,1
DA:28,1
DA:31,1
DA:32,1
DA:44,1
DA:45,1
DA:46,1
DA:47,1
DA:48,3
DA:49,3
DA:50,3
DA:51,3
DA:52,7
DA:55,1
DA:56,1
DA:57,2
DA:58,3
DA:59,3
DA:60,3
DA:63,1
DA:64,1
DA:65,2
DA:68,1
DA:69,1
DA:70,3
DA:71,3
DA:72,3
DA:75,1
DA:76,1
DA:77,2
DA:78,3
DA:79,6
DA:80,3
DA:90,1
DA:91,1
DA:93,1
DA:94,3
DA:95,4
DA:96,4
DA:97,3
DA:98,3
DA:99,1
DA:104,1
DA:105,1
DA:107,1
DA:108,3
DA:109,1
DA:114,1
DA:115,2
DA:122,1
DA:123,1
DA:126,1
LF:61
LH:61
end_of_record
SF:lib/view/home/gedave/consultas/retorno_consultas/atestado_vacinacao_brucelose_tuberculose_view.dart
DA:8,2
DA:10,1
DA:11,1
DA:15,1
DA:17,1
DA:20,1
DA:22,3
DA:23,1
DA:25,2
DA:26,2
DA:28,1
DA:31,1
DA:32,1
DA:45,1
DA:46,1
DA:47,1
DA:48,1
DA:50,5
DA:51,5
DA:52,1
DA:53,9
DA:54,1
DA:56,5
DA:57,5
DA:58,5
DA:59,5
DA:60,5
DA:61,5
DA:62,1
DA:63,9
DA:64,1
DA:65,9
DA:66,1
DA:68,5
DA:69,5
DA:70,5
DA:71,5
DA:72,5
DA:73,5
DA:74,6
DA:75,1
DA:77,5
DA:79,5
DA:80,5
DA:81,1
DA:82,6
DA:83,5
DA:84,1
DA:85,2
DA:88,1
DA:89,1
DA:91,5
DA:92,5
DA:93,1
DA:94,9
DA:95,1
DA:97,5
DA:98,6
DA:99,6
DA:100,5
DA:101,5
DA:102,5
DA:103,1
DA:104,9
DA:105,1
DA:106,10
DA:107,1
DA:110,5
DA:111,5
DA:112,5
DA:113,5
DA:114,5
DA:115,5
DA:116,6
DA:117,1
DA:119,5
DA:120,5
DA:121,1
DA:122,6
DA:123,5
DA:124,1
DA:125,6
DA:126,5
DA:127,1
DA:129,1
DA:139,0
DA:148,1
DA:149,1
DA:151,1
DA:152,1
DA:153,7
DA:154,1
DA:155,7
DA:156,1
DA:157,7
DA:158,4
DA:159,4
DA:160,4
DA:161,1
DA:166,0
DA:167,0
DA:169,0
DA:170,0
DA:171,0
DA:172,0
DA:173,0
DA:174,0
DA:175,0
DA:176,0
DA:177,0
DA:178,0
DA:179,0
DA:180,0
DA:181,0
DA:182,0
DA:183,0
DA:184,0
DA:185,0
DA:190,1
DA:191,1
DA:194,1
LF:121
LH:101
end_of_record
SF:lib/view/home/gedave/consultas/retorno_consultas/cert_vacinacao_compulsoria_view.dart
DA:8,2
DA:10,1
DA:11,1
DA:15,1
DA:17,1
DA:20,1
DA:22,3
DA:23,1
DA:25,1
DA:27,1
DA:28,1
DA:32,5
DA:34,1
DA:35,1
DA:36,1
DA:37,1
DA:38,3
DA:39,3
DA:40,3
DA:41,3
DA:42,2
DA:43,2
DA:44,1
DA:45,5
DA:46,1
DA:47,5
DA:48,1
DA:49,5
LF:28
LH:28
end_of_record
SF:lib/view/home/gedave/consultas/retorno_consultas/cfo_view.dart
DA:8,2
DA:10,1
DA:11,1
DA:15,1
DA:17,1
DA:20,1
DA:22,3
DA:23,1
DA:25,1
DA:26,1
DA:28,1
DA:31,1
DA:32,1
DA:33,1
DA:49,1
DA:50,1
DA:51,1
DA:52,1
DA:53,3
DA:54,2
DA:55,2
DA:56,1
DA:57,3
DA:58,2
DA:59,2
DA:60,2
DA:61,3
DA:64,1
DA:65,1
DA:66,2
DA:69,1
DA:70,1
DA:71,2
DA:74,1
DA:75,1
DA:76,2
DA:77,2
DA:78,2
DA:87,1
DA:88,1
DA:90,1
DA:91,3
DA:92,3
DA:93,1
DA:94,5
DA:95,1
DA:96,5
DA:97,1
DA:102,1
DA:103,1
DA:105,1
DA:106,3
DA:107,1
DA:112,1
DA:113,1
DA:120,1
DA:121,1
DA:124,1
LF:58
LH:58
end_of_record
SF:lib/view/home/gedave/consultas/retorno_consultas/gta_view.dart
DA:7,2
DA:9,1
DA:10,1
DA:14,1
DA:16,1
DA:19,1
DA:21,3
DA:22,1
DA:24,1
DA:27,1
DA:28,1
DA:42,1
DA:43,1
DA:44,1
DA:45,1
DA:46,3
DA:47,3
DA:48,3
DA:49,3
DA:52,1
DA:53,1
DA:54,3
DA:55,3
DA:56,3
DA:57,3
DA:58,1
DA:59,4
DA:62,1
DA:63,1
DA:64,3
DA:65,2
DA:66,4
DA:67,4
DA:68,1
DA:69,4
DA:72,1
DA:73,1
DA:75,1
DA:76,7
DA:77,1
DA:78,7
DA:80,1
DA:81,7
DA:82,1
DA:83,7
DA:84,4
DA:87,1
DA:88,1
DA:89,3
DA:90,3
DA:91,4
DA:92,4
DA:93,4
DA:94,4
DA:95,3
DA:96,3
DA:99,1
DA:100,1
DA:101,3
DA:102,3
DA:103,3
DA:104,3
DA:105,3
DA:106,3
DA:107,3
DA:116,1
DA:117,2
LF:67
LH:67
end_of_record
SF:lib/view/home/gedave/consultas/retorno_consultas/consulta_certificado_comercio_produtos_insumos_vet_view.dart
DA:7,2
DA:9,1
DA:10,1
DA:14,1
DA:16,1
DA:19,1
DA:21,3
DA:22,1
DA:24,1
DA:26,1
DA:27,1
DA:34,1
DA:35,1
DA:36,3
DA:37,3
DA:38,3
DA:39,3
DA:41,3
DA:42,3
DA:43,1
DA:44,5
LF:21
LH:21
end_of_record
SF:lib/view/home/gedave/consultas/retorno_consultas/cfoc_view.dart
DA:8,2
DA:10,1
DA:11,1
DA:15,1
DA:17,1
DA:20,1
DA:22,3
DA:23,1
DA:25,1
DA:26,1
DA:28,1
DA:31,1
DA:32,1
DA:43,1
DA:44,1
DA:45,1
DA:46,1
DA:47,3
DA:48,3
DA:49,3
DA:50,3
DA:51,1
DA:52,5
DA:53,3
DA:54,3
DA:55,3
DA:56,3
DA:59,1
DA:60,1
DA:61,2
DA:64,1
DA:65,1
DA:66,2
DA:69,1
DA:70,1
DA:71,2
DA:72,2
DA:73,2
DA:83,0
DA:92,1
DA:93,1
DA:95,1
DA:96,3
DA:97,3
DA:98,1
DA:99,5
DA:100,3
DA:101,1
DA:106,1
DA:107,1
DA:109,1
DA:110,3
DA:111,1
DA:116,1
DA:117,2
DA:124,1
DA:125,1
DA:128,1
LF:58
LH:57
end_of_record
SF:lib/view/home/gedave/consultas/retorno_consultas/laudo_vistoria_brucelose_tuberculose_view.dart
DA:7,2
DA:9,1
DA:10,1
DA:14,1
DA:16,1
DA:19,1
DA:21,3
DA:22,1
DA:24,1
DA:25,1
DA:27,1
DA:30,1
DA:31,1
DA:42,1
DA:43,1
DA:44,1
DA:45,1
DA:46,2
DA:47,2
DA:48,2
DA:49,1
DA:50,3
DA:51,1
DA:52,3
DA:53,1
DA:54,3
DA:55,2
DA:58,1
DA:59,1
DA:60,2
DA:63,1
DA:64,1
DA:69,1
DA:70,2
DA:80,1
DA:81,1
DA:83,1
DA:84,1
DA:85,2
DA:86,3
DA:88,1
DA:93,1
DA:94,1
DA:96,1
DA:97,2
DA:98,2
DA:99,2
DA:100,2
DA:101,2
DA:102,2
DA:103,1
DA:109,1
DA:110,1
LF:53
LH:53
end_of_record
SF:lib/view/home/gedave/consultas/retorno_consultas/consulta_certificado_promotor_eventos_concentracao_animal_view.dart
DA:7,1
DA:9,1
DA:11,1
DA:12,1
DA:16,1
DA:18,1
DA:21,1
DA:23,3
DA:24,1
DA:26,1
DA:28,1
DA:29,1
DA:35,1
DA:36,1
DA:37,1
DA:38,1
DA:39,3
DA:40,3
DA:41,3
DA:42,3
DA:44,3
DA:45,3
DA:46,1
DA:47,5
LF:24
LH:24
end_of_record
SF:lib/view/home/gedave/consultas/retorno_consultas/consulta_certificado_comercio_aves_vivas_view.dart
DA:9,2
DA:11,1
DA:12,1
DA:16,1
DA:18,1
DA:21,1
DA:23,3
DA:24,1
DA:26,1
DA:28,1
DA:29,1
DA:35,1
DA:36,1
DA:37,1
DA:38,4
DA:39,4
DA:40,1
DA:41,1
DA:42,1
DA:43,2
DA:44,3
DA:45,3
DA:46,3
DA:47,3
DA:48,3
DA:49,3
DA:50,3
LF:27
LH:27
end_of_record
SF:lib/view/home/gedave/gedave_view.dart
DA:8,1
DA:10,1
DA:11,1
DA:15,1
DA:17,1
DA:19,1
DA:21,1
DA:23,1
DA:24,1
DA:38,2
DA:39,2
DA:40,2
DA:41,2
DA:42,2
DA:44,2
DA:45,2
DA:46,2
DA:47,2
DA:48,2
DA:49,2
DA:50,2
DA:51,2
DA:52,2
LF:23
LH:23
end_of_record
SF:lib/view/home/gedave/gedave_widget.dart
DA:9,2
DA:11,1
DA:13,3
DA:14,3
DA:16,1
DA:17,1
DA:18,1
DA:19,3
DA:20,1
DA:21,1
DA:28,1
DA:30,0
DA:31,0
DA:33,1
DA:35,1
DA:36,1
DA:38,1
DA:39,3
DA:40,1
DA:41,3
DA:47,1
DA:48,2
DA:49,1
DA:52,1
DA:53,2
DA:54,2
DA:67,2
DA:69,1
DA:71,3
DA:72,3
DA:74,2
DA:75,1
DA:76,1
DA:77,4
LF:34
LH:32
end_of_record
